c:\users\raedea\downloads\dm2212_physics_base - copy\dm2212_physics\physics\debug\vc142.pdb
c:\users\raedea\downloads\dm2212_physics_base - copy\dm2212_physics\physics\debug\vc142.idb
c:\users\raedea\downloads\dm2212_physics_base - copy\dm2212_physics\physics\debug\utility.obj
c:\users\raedea\downloads\dm2212_physics_base - copy\dm2212_physics\physics\debug\spriteanimation.obj
c:\users\raedea\downloads\dm2212_physics_base - copy\dm2212_physics\physics\debug\shader.obj
c:\users\raedea\downloads\dm2212_physics_base - copy\dm2212_physics\physics\debug\scenecollision.obj
c:\users\raedea\downloads\dm2212_physics_base - copy\dm2212_physics\physics\debug\scenebase.obj
c:\users\raedea\downloads\dm2212_physics_base - copy\dm2212_physics\physics\debug\meshbuilder.obj
c:\users\raedea\downloads\dm2212_physics_base - copy\dm2212_physics\physics\debug\mesh.obj
c:\users\raedea\downloads\dm2212_physics_base - copy\dm2212_physics\physics\debug\main.obj
c:\users\raedea\downloads\dm2212_physics_base - copy\dm2212_physics\physics\debug\loadtga.obj
c:\users\raedea\downloads\dm2212_physics_base - copy\dm2212_physics\physics\debug\loadtexture.obj
c:\users\raedea\downloads\dm2212_physics_base - copy\dm2212_physics\physics\debug\loadobj.obj
c:\users\raedea\downloads\dm2212_physics_base - copy\dm2212_physics\physics\debug\gameobject.obj
c:\users\raedea\downloads\dm2212_physics_base - copy\dm2212_physics\physics\debug\camera.obj
c:\users\raedea\downloads\dm2212_physics_base - copy\dm2212_physics\physics\debug\assignment2.obj
c:\users\raedea\downloads\dm2212_physics_base - copy\dm2212_physics\physics\debug\application.obj
c:\users\raedea\downloads\dm2212_physics_base - copy\dm2212_physics\debug\physics.exe
c:\users\raedea\downloads\dm2212_physics_base - copy\dm2212_physics\debug\physics.ilk
c:\users\raedea\downloads\dm2212_physics_base - copy\dm2212_physics\debug\physics.pdb
c:\users\raedea\downloads\dm2212_physics_base - copy\dm2212_physics\physics\debug\physics.tlog\cl.command.1.tlog
c:\users\raedea\downloads\dm2212_physics_base - copy\dm2212_physics\physics\debug\physics.tlog\cl.read.1.tlog
c:\users\raedea\downloads\dm2212_physics_base - copy\dm2212_physics\physics\debug\physics.tlog\cl.write.1.tlog
c:\users\raedea\downloads\dm2212_physics_base - copy\dm2212_physics\physics\debug\physics.tlog\link.command.1.tlog
c:\users\raedea\downloads\dm2212_physics_base - copy\dm2212_physics\physics\debug\physics.tlog\link.read.1.tlog
c:\users\raedea\downloads\dm2212_physics_base - copy\dm2212_physics\physics\debug\physics.tlog\link.write.1.tlog
